Success (11):
group 8 _e-0000d3bc-7efb-8000-d3f6-680000680000_22 "PS All Users"
processModelFolder 1 _g-0000d2fe-923a-8000-faa5-2d00002d0000_2 "Professional Services Models"
processModelFolder 2 _g-0000d3ea-89ba-8000-d3f5-680000680000_4 "_Development and Testing"
processModel 0 0005d3ea-9a64-8000-d3f5-680000680000 "Utility - Create User"
processModel 1 0003d467-c686-8000-ac7b-680000680000 "Utility - Create User Helper"
processModel 2 0002d467-c245-8000-ac7b-680000680000 "Utility - Create Users"
processModel 3 0003d9c0-972b-8000-14fb-010000010000 "Create Users for ACAD L2 - MMS"
portlet 3 _d-0000d9c0-94f9-8000-14fa-010000010000_4 "Create Users for ACAD L2 - MMS"
portlet 4 _d-0000d5b7-c716-8000-e0eb-010000010000_16 "Generic Create Users"
page 20 _c-0000d5b7-c716-8000-e0eb-010000010000_23 "Create Users"
application 2813 _a-0000d3ea-89b6-8000-d3f4-680000680000_256 "Create Users"

Referenced precedents that were not exported (1):
user joey.chapin joey.chapin

Trace:
2016-10-26 21:56:19.149 DEBUG application 2813 _a-0000d3ea-89b6-8000-d3f4-680000680000_256 Begin transport.
2016-10-26 21:56:19.149 DEBUG application 2813 _a-0000d3ea-89b6-8000-d3f4-680000680000_256 Retrieving object data.
2016-10-26 21:56:19.152 DEBUG application 2813 _a-0000d3ea-89b6-8000-d3f4-680000680000_256 App associated objects: [group=[_e-0000d3bc-7efb-8000-d3f6-680000680000_22],processModelFolder=[_g-0000d3ea-89ba-8000-d3f5-680000680000_4, _g-0000d2fe-923a-8000-faa5-2d00002d0000_2],processModel=[0002d467-c245-8000-ac7b-680000680000, 0003d467-c686-8000-ac7b-680000680000, 0005d3ea-9a64-8000-d3f5-680000680000, 0003d9c0-972b-8000-14fb-010000010000],page=[_c-0000d5b7-c716-8000-e0eb-010000010000_23]]
2016-10-26 21:56:19.156 DEBUG application 2813 _a-0000d3ea-89b6-8000-d3f4-680000680000_256 Invalid associated objects: []
2016-10-26 21:56:19.156 DEBUG application 2813 _a-0000d3ea-89b6-8000-d3f4-680000680000_256 Adding valid associated objects to be exported: GlobalBindingMap[group={_e-0000d3bc-7efb-8000-d3f6-680000680000_22=8},processModelFolder={_g-0000d3ea-89ba-8000-d3f5-680000680000_4=2, _g-0000d2fe-923a-8000-faa5-2d00002d0000_2=1},processModel={0002d467-c245-8000-ac7b-680000680000=2, 0003d467-c686-8000-ac7b-680000680000=1, 0005d3ea-9a64-8000-d3f5-680000680000=0, 0003d9c0-972b-8000-14fb-010000010000=3},page={_c-0000d5b7-c716-8000-e0eb-010000010000_23=20}]
2016-10-26 21:56:19.156 DEBUG application 2813 _a-0000d3ea-89b6-8000-d3f4-680000680000_256 Setting uuids of object references.
2016-10-26 21:56:19.156 DEBUG application 2813 _a-0000d3ea-89b6-8000-d3f4-680000680000_256 Processing reference: Application.forum
2016-10-26 21:56:19.156 DEBUG application 2813 _a-0000d3ea-89b6-8000-d3f4-680000680000_256 Processing reference: Application.parent
2016-10-26 21:56:19.158 DEBUG application 2813 _a-0000d3ea-89b6-8000-d3f4-680000680000_256 Processing reference: com.appiancorp.suiteapi.content.ContentRoleMap@3d578200[
  ContentRole[name=readers,inherit=false,allowForAll=false]
  ContentRole[name=authors,inherit=false,allowForAll=false]
  ContentRole[name=administrators,usernames=[Administrator, joey.chapin],inherit=false,allowForAll=false]
  ContentRole[name=denyReaders,inherit=false,allowForAll=false]
  ContentRole[name=denyAuthors,inherit=false,allowForAll=false]
  ContentRole[name=denyAdministrators,inherit=false,allowForAll=false]
  securityVector=129:SEC_PUBLIC=true,SEC_CREATOR_ADMIN=true,SEC_INH_ADMIN=false,SEC_INH_EDITOR=false,SEC_INH_VIEWER=false,SEC_ALL_ADMIN=false,SEC_ALL_EDITOR=false,SEC_ALL_VIEWER=false
]
2016-10-26 21:56:19.158 DEBUG application 2813 _a-0000d3ea-89b6-8000-d3f4-680000680000_256 Processing reference: ContentRole[name=readers,inherit=false,allowForAll=false]
2016-10-26 21:56:19.158 DEBUG application 2813 _a-0000d3ea-89b6-8000-d3f4-680000680000_256 Processing reference: ContentRole[name=authors,inherit=false,allowForAll=false]
2016-10-26 21:56:19.158 DEBUG application 2813 _a-0000d3ea-89b6-8000-d3f4-680000680000_256 Processing reference: ContentRole[name=administrators,usernames=[Administrator, joey.chapin],inherit=false,allowForAll=false]
2016-10-26 21:56:19.159 DEBUG application 2813 _a-0000d3ea-89b6-8000-d3f4-680000680000_256 Processing reference: ContentRole[name=denyReaders,inherit=false,allowForAll=false]
2016-10-26 21:56:19.159 DEBUG application 2813 _a-0000d3ea-89b6-8000-d3f4-680000680000_256 Processing reference: ContentRole[name=denyAuthors,inherit=false,allowForAll=false]
2016-10-26 21:56:19.159 DEBUG application 2813 _a-0000d3ea-89b6-8000-d3f4-680000680000_256 Processing reference: ContentRole[name=denyAdministrators,inherit=false,allowForAll=false]
2016-10-26 21:56:19.16 DEBUG group 8 _e-0000d3bc-7efb-8000-d3f6-680000680000_22 Begin transport.
2016-10-26 21:56:19.16 DEBUG group 8 _e-0000d3bc-7efb-8000-d3f6-680000680000_22 Retrieving object data.
2016-10-26 21:56:19.164 DEBUG group 8 _e-0000d3bc-7efb-8000-d3f6-680000680000_22 Setting uuids of object references.
2016-10-26 21:56:19.164 DEBUG group 8 _e-0000d3bc-7efb-8000-d3f6-680000680000_22 Processing reference: Role[name=<null>,usernames=[Administrator]]
2016-10-26 21:56:19.165 DEBUG group 8 _e-0000d3bc-7efb-8000-d3f6-680000680000_22 Processing reference: Group.groupTypeId
2016-10-26 21:56:19.166 DEBUG group 8 _e-0000d3bc-7efb-8000-d3f6-680000680000_22 Processing reference: Group.parentId
2016-10-26 21:56:19.166 DEBUG group 8 _e-0000d3bc-7efb-8000-d3f6-680000680000_22 Processing reference: Group.homePageId
2016-10-26 21:56:19.166 DEBUG group 8 _e-0000d3bc-7efb-8000-d3f6-680000680000_22 Processing reference: Role[name=<null>]
2016-10-26 21:56:19.166 DEBUG group 8 _e-0000d3bc-7efb-8000-d3f6-680000680000_22 Processing reference: Expression[entityTypeName=u,conditions={Condition[attributeName=username,operatorId=6,operatorName=does not equal,value=]}]
2016-10-26 21:56:19.166 DEBUG group 8 _e-0000d3bc-7efb-8000-d3f6-680000680000_22 Exporting binary resources.
2016-10-26 21:56:19.166 DEBUG group 8 _e-0000d3bc-7efb-8000-d3f6-680000680000_22 Serializing object to XML.
2016-10-26 21:56:19.167 DEBUG group 8 _e-0000d3bc-7efb-8000-d3f6-680000680000_22 Object transported.
2016-10-26 21:56:19.168 DEBUG processModelFolder 2 _g-0000d3ea-89ba-8000-d3f5-680000680000_4 Begin transport.
2016-10-26 21:56:19.168 DEBUG processModelFolder 2 _g-0000d3ea-89ba-8000-d3f5-680000680000_4 Retrieving object data.
2016-10-26 21:56:19.17 DEBUG processModelFolder 2 _g-0000d3ea-89ba-8000-d3f5-680000680000_4 Setting uuids of object references.
2016-10-26 21:56:19.17 DEBUG processModelFolder 2 _g-0000d3ea-89ba-8000-d3f5-680000680000_4 Processing reference: ProcessModelFolder.parentFolderId
2016-10-26 21:56:19.171 DEBUG processModelFolder 1 _g-0000d2fe-923a-8000-faa5-2d00002d0000_2 Begin transport.
2016-10-26 21:56:19.171 DEBUG processModelFolder 1 _g-0000d2fe-923a-8000-faa5-2d00002d0000_2 Retrieving object data.
2016-10-26 21:56:19.173 DEBUG processModelFolder 1 _g-0000d2fe-923a-8000-faa5-2d00002d0000_2 Setting uuids of object references.
2016-10-26 21:56:19.173 DEBUG processModelFolder 1 _g-0000d2fe-923a-8000-faa5-2d00002d0000_2 Processing reference: ProcessModelFolder.parentFolderId
2016-10-26 21:56:19.173 DEBUG processModelFolder 1 _g-0000d2fe-923a-8000-faa5-2d00002d0000_2 Processing reference: com.appiancorp.suiteapi.process.ProcessRoleMap@443c88ea[
  Role[name=ADMIN_OWNER]
  Role[name=EDITOR]
  Role[name=EXPLICIT_NONMEMBER]
  Role[name=VIEWER,groupIds=[8]]
  Role[name=MANAGER]
  Role[name=INITIATOR]
]
2016-10-26 21:56:19.173 DEBUG processModelFolder 1 _g-0000d2fe-923a-8000-faa5-2d00002d0000_2 Processing reference: Role[name=ADMIN_OWNER]
2016-10-26 21:56:19.173 DEBUG processModelFolder 1 _g-0000d2fe-923a-8000-faa5-2d00002d0000_2 Processing reference: Role[name=EDITOR]
2016-10-26 21:56:19.173 DEBUG processModelFolder 1 _g-0000d2fe-923a-8000-faa5-2d00002d0000_2 Processing reference: Role[name=EXPLICIT_NONMEMBER]
2016-10-26 21:56:19.173 DEBUG processModelFolder 1 _g-0000d2fe-923a-8000-faa5-2d00002d0000_2 Processing reference: Role[name=VIEWER,groupIds=[8]]
2016-10-26 21:56:19.174 DEBUG processModelFolder 1 _g-0000d2fe-923a-8000-faa5-2d00002d0000_2 Processing reference: Role[name=MANAGER]
2016-10-26 21:56:19.174 DEBUG processModelFolder 1 _g-0000d2fe-923a-8000-faa5-2d00002d0000_2 Processing reference: Role[name=INITIATOR]
2016-10-26 21:56:19.174 DEBUG processModelFolder 1 _g-0000d2fe-923a-8000-faa5-2d00002d0000_2 Exporting binary resources.
2016-10-26 21:56:19.174 DEBUG processModelFolder 1 _g-0000d2fe-923a-8000-faa5-2d00002d0000_2 Serializing object to XML.
2016-10-26 21:56:19.175 DEBUG processModelFolder 1 _g-0000d2fe-923a-8000-faa5-2d00002d0000_2 Object transported.
2016-10-26 21:56:19.175 DEBUG processModelFolder 2 _g-0000d3ea-89ba-8000-d3f5-680000680000_4 Processing reference: com.appiancorp.suiteapi.process.ProcessRoleMap@6e4446df[
  Role[name=ADMIN_OWNER,usernames=[Administrator]]
  Role[name=EDITOR]
  Role[name=EXPLICIT_NONMEMBER]
  Role[name=VIEWER]
  Role[name=MANAGER]
  Role[name=INITIATOR]
]
2016-10-26 21:56:19.175 DEBUG processModelFolder 2 _g-0000d3ea-89ba-8000-d3f5-680000680000_4 Processing reference: Role[name=ADMIN_OWNER,usernames=[Administrator]]
2016-10-26 21:56:19.176 DEBUG processModelFolder 2 _g-0000d3ea-89ba-8000-d3f5-680000680000_4 Processing reference: Role[name=EDITOR]
2016-10-26 21:56:19.176 DEBUG processModelFolder 2 _g-0000d3ea-89ba-8000-d3f5-680000680000_4 Processing reference: Role[name=EXPLICIT_NONMEMBER]
2016-10-26 21:56:19.176 DEBUG processModelFolder 2 _g-0000d3ea-89ba-8000-d3f5-680000680000_4 Processing reference: Role[name=VIEWER]
2016-10-26 21:56:19.176 DEBUG processModelFolder 2 _g-0000d3ea-89ba-8000-d3f5-680000680000_4 Processing reference: Role[name=MANAGER]
2016-10-26 21:56:19.176 DEBUG processModelFolder 2 _g-0000d3ea-89ba-8000-d3f5-680000680000_4 Processing reference: Role[name=INITIATOR]
2016-10-26 21:56:19.176 DEBUG processModelFolder 2 _g-0000d3ea-89ba-8000-d3f5-680000680000_4 Exporting binary resources.
2016-10-26 21:56:19.176 DEBUG processModelFolder 2 _g-0000d3ea-89ba-8000-d3f5-680000680000_4 Serializing object to XML.
2016-10-26 21:56:19.176 DEBUG processModelFolder 2 _g-0000d3ea-89ba-8000-d3f5-680000680000_4 Object transported.
2016-10-26 21:56:19.177 DEBUG processModel 2 0002d467-c245-8000-ac7b-680000680000 Begin transport.
2016-10-26 21:56:19.177 DEBUG processModel 2 0002d467-c245-8000-ac7b-680000680000 Retrieving object data.
2016-10-26 21:56:19.193 DEBUG processModel 2 0002d467-c245-8000-ac7b-680000680000 Setting uuids of object references.
2016-10-26 21:56:19.193 DEBUG processModel 2 0002d467-c245-8000-ac7b-680000680000 Processing reference: ProcessModelHaul.folderId
2016-10-26 21:56:19.194 DEBUG processModel 2 0002d467-c245-8000-ac7b-680000680000 Processing reference: ProcessModelHaul.modelDashboardPageId
2016-10-26 21:56:19.194 DEBUG processModel 2 0002d467-c245-8000-ac7b-680000680000 Processing reference: ProcessModelHaul.processDashboardPageId
2016-10-26 21:56:19.194 DEBUG processModel 2 0002d467-c245-8000-ac7b-680000680000 Processing reference: ProcessModel.emailAttachmentFolderId
2016-10-26 21:56:19.196 DEBUG processModel 2 0002d467-c245-8000-ac7b-680000680000 Processing reference: FormElement[label=Sys Admin?]
2016-10-26 21:56:19.196 DEBUG processModel 2 0002d467-c245-8000-ac7b-680000680000 Processing reference: FormElement[label=First Name]
2016-10-26 21:56:19.196 DEBUG processModel 2 0002d467-c245-8000-ac7b-680000680000 Processing reference: FormElement[label=Last Name]
2016-10-26 21:56:19.196 DEBUG processModel 2 0002d467-c245-8000-ac7b-680000680000 Processing reference: FormElement[label=Use your email address?]
2016-10-26 21:56:19.196 DEBUG processModel 2 0002d467-c245-8000-ac7b-680000680000 Processing reference: FormElement[label=New Users]
2016-10-26 21:56:19.196 DEBUG processModel 2 0002d467-c245-8000-ac7b-680000680000 Processing reference: FormElement[label=Existing Email]
2016-10-26 21:56:19.196 DEBUG processModel 2 0002d467-c245-8000-ac7b-680000680000 Processing reference: FormElement[label=Groups]
2016-10-26 21:56:19.197 DEBUG processModel 2 0002d467-c245-8000-ac7b-680000680000 Processing reference: FormElement[label=Label]
2016-10-26 21:56:19.197 DEBUG processModel 2 0002d467-c245-8000-ac7b-680000680000 Processing reference: FormElement[label=Create Users]
2016-10-26 21:56:19.197 DEBUG processModel 2 0002d467-c245-8000-ac7b-680000680000 Processing reference: FormElement[label=]
2016-10-26 21:56:19.197 DEBUG processModel 2 0002d467-c245-8000-ac7b-680000680000 Processing reference: ActivityClassParameter[name=pmID,it=23,v=<null>]
2016-10-26 21:56:19.197 DEBUG processModel 2 0002d467-c245-8000-ac7b-680000680000 Processing reference: ActivityClassParameter[name=inMap,it=111,v={}]
2016-10-26 21:56:19.197 DEBUG processModel 2 0002d467-c245-8000-ac7b-680000680000 Processing reference: ActivityClassParameter[name=procInheritsPriority,it=1,v=1]
2016-10-26 21:56:19.197 DEBUG processModel 2 0002d467-c245-8000-ac7b-680000680000 Processing reference: ActivityClassParameter[name=pmUUID,it=3,v=]
2016-10-26 21:56:19.197 DEBUG processModel 2 0002d467-c245-8000-ac7b-680000680000 Processing reference: ActivityClassParameter[name=isAsynchronous,it=26,v=1]
2016-10-26 21:56:19.197 DEBUG processModel 2 0002d467-c245-8000-ac7b-680000680000 Processing reference: ActivityClassParameter[name=isTransparent,it=26,v=1]
2016-10-26 21:56:19.197 DEBUG processModel 2 0002d467-c245-8000-ac7b-680000680000 Processing reference: ActivityClassParameter[name=inheritSecurity,it=26,v=0]
2016-10-26 21:56:19.197 DEBUG processModel 2 0002d467-c245-8000-ac7b-680000680000 Processing reference: FormElement[label=Question1]
2016-10-26 21:56:19.197 DEBUG processModel 2 0002d467-c245-8000-ac7b-680000680000 Processing reference: FormElement[label=Question2]
2016-10-26 21:56:19.197 DEBUG processModel 2 0002d467-c245-8000-ac7b-680000680000 Processing reference: FormElement[label=Question3]
2016-10-26 21:56:19.197 DEBUG processModel 2 0002d467-c245-8000-ac7b-680000680000 Processing reference: FormElement[label=Question4]
2016-10-26 21:56:19.197 DEBUG processModel 2 0002d467-c245-8000-ac7b-680000680000 Processing reference: FormElement[label=Question5]
2016-10-26 21:56:19.197 DEBUG processModel 2 0002d467-c245-8000-ac7b-680000680000 Processing reference: FormElement[label=Question6]
2016-10-26 21:56:19.197 DEBUG processModel 2 0002d467-c245-8000-ac7b-680000680000 Processing reference: ActivityClassParameter[name=Instructions,it=3,v=]
2016-10-26 21:56:19.197 DEBUG processModel 2 0002d467-c245-8000-ac7b-680000680000 Processing reference: ActivityClassParameter[name=pmID,it=23,v=1]
2016-10-26 21:56:19.198 DEBUG processModel 1 0003d467-c686-8000-ac7b-680000680000 Begin transport.
2016-10-26 21:56:19.198 DEBUG processModel 1 0003d467-c686-8000-ac7b-680000680000 Retrieving object data.
2016-10-26 21:56:19.217 DEBUG processModel 1 0003d467-c686-8000-ac7b-680000680000 Setting uuids of object references.
2016-10-26 21:56:19.217 DEBUG processModel 1 0003d467-c686-8000-ac7b-680000680000 Processing reference: ProcessModelHaul.folderId
2016-10-26 21:56:19.218 DEBUG processModel 1 0003d467-c686-8000-ac7b-680000680000 Processing reference: ProcessModelHaul.modelDashboardPageId
2016-10-26 21:56:19.218 DEBUG processModel 1 0003d467-c686-8000-ac7b-680000680000 Processing reference: ProcessModelHaul.processDashboardPageId
2016-10-26 21:56:19.218 DEBUG processModel 1 0003d467-c686-8000-ac7b-680000680000 Processing reference: ProcessModel.emailAttachmentFolderId
2016-10-26 21:56:19.222 DEBUG processModel 1 0003d467-c686-8000-ac7b-680000680000 Processing reference: FormElement[label=Is Sys Admin]
2016-10-26 21:56:19.222 DEBUG processModel 1 0003d467-c686-8000-ac7b-680000680000 Processing reference: FormElement[label=Last Name]
2016-10-26 21:56:19.222 DEBUG processModel 1 0003d467-c686-8000-ac7b-680000680000 Processing reference: FormElement[label=Use existing email]
2016-10-26 21:56:19.222 DEBUG processModel 1 0003d467-c686-8000-ac7b-680000680000 Processing reference: FormElement[label=Label]
2016-10-26 21:56:19.222 DEBUG processModel 1 0003d467-c686-8000-ac7b-680000680000 Processing reference: FormElement[label=Group]
2016-10-26 21:56:19.222 DEBUG processModel 1 0003d467-c686-8000-ac7b-680000680000 Processing reference: FormElement[label=Existing email]
2016-10-26 21:56:19.222 DEBUG processModel 1 0003d467-c686-8000-ac7b-680000680000 Processing reference: FormElement[label=First Name]
2016-10-26 21:56:19.222 DEBUG processModel 1 0003d467-c686-8000-ac7b-680000680000 Processing reference: FormElement[label=Create User Helper]
2016-10-26 21:56:19.222 DEBUG processModel 1 0003d467-c686-8000-ac7b-680000680000 Processing reference: FormElement[label=]
2016-10-26 21:56:19.222 DEBUG processModel 1 0003d467-c686-8000-ac7b-680000680000 Processing reference: ActivityClassParameter[name=pmID,it=23,v=<null>]
2016-10-26 21:56:19.222 DEBUG processModel 1 0003d467-c686-8000-ac7b-680000680000 Processing reference: ActivityClassParameter[name=inMap,it=111,v={}]
2016-10-26 21:56:19.222 DEBUG processModel 1 0003d467-c686-8000-ac7b-680000680000 Processing reference: ActivityClassParameter[name=procInheritsPriority,it=1,v=1]
2016-10-26 21:56:19.222 DEBUG processModel 1 0003d467-c686-8000-ac7b-680000680000 Processing reference: ActivityClassParameter[name=pmUUID,it=3,v=]
2016-10-26 21:56:19.222 DEBUG processModel 1 0003d467-c686-8000-ac7b-680000680000 Processing reference: ActivityClassParameter[name=isAsynchronous,it=26,v=1]
2016-10-26 21:56:19.222 DEBUG processModel 1 0003d467-c686-8000-ac7b-680000680000 Processing reference: ActivityClassParameter[name=isTransparent,it=26,v=1]
2016-10-26 21:56:19.222 DEBUG processModel 1 0003d467-c686-8000-ac7b-680000680000 Processing reference: ActivityClassParameter[name=inheritSecurity,it=26,v=0]
2016-10-26 21:56:19.222 DEBUG processModel 1 0003d467-c686-8000-ac7b-680000680000 Processing reference: FormElement[label=Question1]
2016-10-26 21:56:19.222 DEBUG processModel 1 0003d467-c686-8000-ac7b-680000680000 Processing reference: FormElement[label=Question2]
2016-10-26 21:56:19.222 DEBUG processModel 1 0003d467-c686-8000-ac7b-680000680000 Processing reference: FormElement[label=Question3]
2016-10-26 21:56:19.222 DEBUG processModel 1 0003d467-c686-8000-ac7b-680000680000 Processing reference: FormElement[label=Question4]
2016-10-26 21:56:19.222 DEBUG processModel 1 0003d467-c686-8000-ac7b-680000680000 Processing reference: FormElement[label=Question5]
2016-10-26 21:56:19.222 DEBUG processModel 1 0003d467-c686-8000-ac7b-680000680000 Processing reference: FormElement[label=Question6]
2016-10-26 21:56:19.222 DEBUG processModel 1 0003d467-c686-8000-ac7b-680000680000 Processing reference: FormElement[label=Question7]
2016-10-26 21:56:19.222 DEBUG processModel 1 0003d467-c686-8000-ac7b-680000680000 Processing reference: ActivityClassParameter[name=Instructions,it=3,v=]
2016-10-26 21:56:19.223 DEBUG processModel 1 0003d467-c686-8000-ac7b-680000680000 Processing reference: ActivityClassParameter[name=pmID,it=23,v=0]
2016-10-26 21:56:19.224 DEBUG processModel 0 0005d3ea-9a64-8000-d3f5-680000680000 Begin transport.
2016-10-26 21:56:19.224 DEBUG processModel 0 0005d3ea-9a64-8000-d3f5-680000680000 Retrieving object data.
2016-10-26 21:56:19.267 DEBUG processModel 0 0005d3ea-9a64-8000-d3f5-680000680000 Setting uuids of object references.
2016-10-26 21:56:19.267 DEBUG processModel 0 0005d3ea-9a64-8000-d3f5-680000680000 Processing reference: ProcessModelHaul.folderId
2016-10-26 21:56:19.268 DEBUG processModel 0 0005d3ea-9a64-8000-d3f5-680000680000 Processing reference: ProcessModelHaul.modelDashboardPageId
2016-10-26 21:56:19.268 DEBUG processModel 0 0005d3ea-9a64-8000-d3f5-680000680000 Processing reference: ProcessModelHaul.processDashboardPageId
2016-10-26 21:56:19.268 DEBUG processModel 0 0005d3ea-9a64-8000-d3f5-680000680000 Processing reference: ProcessModel.emailAttachmentFolderId
2016-10-26 21:56:19.271 DEBUG processModel 0 0005d3ea-9a64-8000-d3f5-680000680000 Processing reference: FormElement[label=Last Name]
2016-10-26 21:56:19.271 DEBUG processModel 0 0005d3ea-9a64-8000-d3f5-680000680000 Processing reference: FormElement[label=Add User to Groups]
2016-10-26 21:56:19.271 DEBUG processModel 0 0005d3ea-9a64-8000-d3f5-680000680000 Processing reference: FormElement[label=Username]
2016-10-26 21:56:19.271 DEBUG processModel 0 0005d3ea-9a64-8000-d3f5-680000680000 Processing reference: FormElement[label=Label]
2016-10-26 21:56:19.271 DEBUG processModel 0 0005d3ea-9a64-8000-d3f5-680000680000 Processing reference: FormElement[label=Password]
2016-10-26 21:56:19.271 DEBUG processModel 0 0005d3ea-9a64-8000-d3f5-680000680000 Processing reference: FormElement[label=Email]
2016-10-26 21:56:19.271 DEBUG processModel 0 0005d3ea-9a64-8000-d3f5-680000680000 Processing reference: FormElement[label=First Name]
2016-10-26 21:56:19.271 DEBUG processModel 0 0005d3ea-9a64-8000-d3f5-680000680000 Processing reference: FormElement[label=Create a User]
2016-10-26 21:56:19.271 DEBUG processModel 0 0005d3ea-9a64-8000-d3f5-680000680000 Processing reference: FormElement[label=]
2016-10-26 21:56:19.271 DEBUG processModel 0 0005d3ea-9a64-8000-d3f5-680000680000 Processing reference: FormElement[label=Question10]
2016-10-26 21:56:19.271 DEBUG processModel 0 0005d3ea-9a64-8000-d3f5-680000680000 Processing reference: ActivityClassParameter[name=pmID,it=23,v=<null>]
2016-10-26 21:56:19.271 DEBUG processModel 0 0005d3ea-9a64-8000-d3f5-680000680000 Processing reference: ActivityClassParameter[name=inMap,it=111,v={}]
2016-10-26 21:56:19.271 DEBUG processModel 0 0005d3ea-9a64-8000-d3f5-680000680000 Processing reference: ActivityClassParameter[name=procInheritsPriority,it=1,v=1]
2016-10-26 21:56:19.271 DEBUG processModel 0 0005d3ea-9a64-8000-d3f5-680000680000 Processing reference: ActivityClassParameter[name=pmUUID,it=3,v=]
2016-10-26 21:56:19.271 DEBUG processModel 0 0005d3ea-9a64-8000-d3f5-680000680000 Processing reference: ActivityClassParameter[name=isAsynchronous,it=26,v=1]
2016-10-26 21:56:19.271 DEBUG processModel 0 0005d3ea-9a64-8000-d3f5-680000680000 Processing reference: ActivityClassParameter[name=isTransparent,it=26,v=1]
2016-10-26 21:56:19.271 DEBUG processModel 0 0005d3ea-9a64-8000-d3f5-680000680000 Processing reference: ActivityClassParameter[name=inheritSecurity,it=26,v=0]
2016-10-26 21:56:19.271 DEBUG processModel 0 0005d3ea-9a64-8000-d3f5-680000680000 Processing reference: ActivityClassParameter[name=defaultNode,it=1,v=16]
2016-10-26 21:56:19.271 DEBUG processModel 0 0005d3ea-9a64-8000-d3f5-680000680000 Processing reference: ActivityClassParameter[name=rules,it=111,v={ActivityClassParameter[name=rule,it=11,v={ActivityClassParameter[name=expression,it=26,v=<null>],ActivityClassParameter[name=node,it=1,v=10],ActivityClassParameter[name=label,it=3,v=]}]}]
2016-10-26 21:56:19.271 DEBUG processModel 0 0005d3ea-9a64-8000-d3f5-680000680000 Processing reference: ActivityClassParameter[name=fired,it=1,v=0]
2016-10-26 21:56:19.271 DEBUG processModel 0 0005d3ea-9a64-8000-d3f5-680000680000 Processing reference: ActivityClassParameter[name=arrivedNodes,it=101,v=<null>]
2016-10-26 21:56:19.271 DEBUG processModel 0 0005d3ea-9a64-8000-d3f5-680000680000 Processing reference: ActivityClassParameter[name=defaultNode,it=1,v=2]
2016-10-26 21:56:19.271 DEBUG processModel 0 0005d3ea-9a64-8000-d3f5-680000680000 Processing reference: ActivityClassParameter[name=rules,it=111,v={ActivityClassParameter[name=rule,it=11,v={ActivityClassParameter[name=expression,it=26,v=<null>],ActivityClassParameter[name=node,it=1,v=12],ActivityClassParameter[name=label,it=3,v=]}]}]
2016-10-26 21:56:19.271 DEBUG processModel 0 0005d3ea-9a64-8000-d3f5-680000680000 Processing reference: ActivityClassParameter[name=fired,it=1,v=0]
2016-10-26 21:56:19.271 DEBUG processModel 0 0005d3ea-9a64-8000-d3f5-680000680000 Processing reference: ActivityClassParameter[name=arrivedNodes,it=101,v=<null>]
2016-10-26 21:56:19.271 DEBUG processModel 0 0005d3ea-9a64-8000-d3f5-680000680000 Processing reference: ActivityClassParameter[name=defaultNode,it=1,v=6]
2016-10-26 21:56:19.271 DEBUG processModel 0 0005d3ea-9a64-8000-d3f5-680000680000 Processing reference: ActivityClassParameter[name=rules,it=111,v={ActivityClassParameter[name=rule,it=11,v={ActivityClassParameter[name=expression,it=26,v=<null>],ActivityClassParameter[name=node,it=1,v=18],ActivityClassParameter[name=label,it=3,v=]}]}]
2016-10-26 21:56:19.272 DEBUG processModel 0 0005d3ea-9a64-8000-d3f5-680000680000 Processing reference: ActivityClassParameter[name=fired,it=1,v=0]
2016-10-26 21:56:19.272 DEBUG processModel 0 0005d3ea-9a64-8000-d3f5-680000680000 Processing reference: ActivityClassParameter[name=arrivedNodes,it=101,v=<null>]
2016-10-26 21:56:19.272 DEBUG processModel 0 0005d3ea-9a64-8000-d3f5-680000680000 Processing reference: FormElement[label=Configure Alert]
2016-10-26 21:56:19.272 DEBUG processModel 0 0005d3ea-9a64-8000-d3f5-680000680000 Processing reference: FormElement[label=Recipients]
2016-10-26 21:56:19.272 DEBUG processModel 0 0005d3ea-9a64-8000-d3f5-680000680000 Processing reference: FormElement[label=Alert Subject]
2016-10-26 21:56:19.272 DEBUG processModel 0 0005d3ea-9a64-8000-d3f5-680000680000 Processing reference: FormElement[label=Alert Message]
2016-10-26 21:56:19.272 DEBUG processModel 0 0005d3ea-9a64-8000-d3f5-680000680000 Processing reference: ActivityClassParameter[name=Users and Groups,it=127,v=<null>]
2016-10-26 21:56:19.272 DEBUG processModel 0 0005d3ea-9a64-8000-d3f5-680000680000 Processing reference: ActivityClassParameter[name=Message,it=3,v=]
2016-10-26 21:56:19.272 DEBUG processModel 0 0005d3ea-9a64-8000-d3f5-680000680000 Processing reference: ActivityClassParameter[name=Subject,it=3,v=]
2016-10-26 21:56:19.272 DEBUG processModel 0 0005d3ea-9a64-8000-d3f5-680000680000 Processing reference: FormElement[label=Add User]
2016-10-26 21:56:19.272 DEBUG processModel 0 0005d3ea-9a64-8000-d3f5-680000680000 Processing reference: FormElement[label=Username]
2016-10-26 21:56:19.272 DEBUG processModel 0 0005d3ea-9a64-8000-d3f5-680000680000 Processing reference: FormElement[label=Password]
2016-10-26 21:56:19.272 DEBUG processModel 0 0005d3ea-9a64-8000-d3f5-680000680000 Processing reference: FormElement[label=First Name]
2016-10-26 21:56:19.272 DEBUG processModel 0 0005d3ea-9a64-8000-d3f5-680000680000 Processing reference: FormElement[label=Nickname]
2016-10-26 21:56:19.272 DEBUG processModel 0 0005d3ea-9a64-8000-d3f5-680000680000 Processing reference: FormElement[label=Middle Name]
2016-10-26 21:56:19.272 DEBUG processModel 0 0005d3ea-9a64-8000-d3f5-680000680000 Processing reference: FormElement[label=Last Name]
2016-10-26 21:56:19.272 DEBUG processModel 0 0005d3ea-9a64-8000-d3f5-680000680000 Processing reference: FormElement[label=Email address]
2016-10-26 21:56:19.272 DEBUG processModel 0 0005d3ea-9a64-8000-d3f5-680000680000 Processing reference: ActivityClassParameter[name=UserName,it=3,v=]
2016-10-26 21:56:19.272 DEBUG processModel 0 0005d3ea-9a64-8000-d3f5-680000680000 Processing reference: ActivityClassParameter[name=Password,it=3,v=]
2016-10-26 21:56:19.272 DEBUG processModel 0 0005d3ea-9a64-8000-d3f5-680000680000 Processing reference: ActivityClassParameter[name=FirstName,it=3,v=]
2016-10-26 21:56:19.272 DEBUG processModel 0 0005d3ea-9a64-8000-d3f5-680000680000 Processing reference: ActivityClassParameter[name=NickName,it=3,v=]
2016-10-26 21:56:19.272 DEBUG processModel 0 0005d3ea-9a64-8000-d3f5-680000680000 Processing reference: ActivityClassParameter[name=MiddleName,it=3,v=]
2016-10-26 21:56:19.272 DEBUG processModel 0 0005d3ea-9a64-8000-d3f5-680000680000 Processing reference: ActivityClassParameter[name=LastName,it=3,v=]
2016-10-26 21:56:19.272 DEBUG processModel 0 0005d3ea-9a64-8000-d3f5-680000680000 Processing reference: ActivityClassParameter[name=Email,it=3,v=]
2016-10-26 21:56:19.272 DEBUG processModel 0 0005d3ea-9a64-8000-d3f5-680000680000 Processing reference: ActivityClassParameter[name=NewUsername,it=4,v=]
2016-10-26 21:56:19.272 DEBUG processModel 0 0005d3ea-9a64-8000-d3f5-680000680000 Processing reference: FormElement[label=Add Group Members]
2016-10-26 21:56:19.272 DEBUG processModel 0 0005d3ea-9a64-8000-d3f5-680000680000 Processing reference: FormElement[label=Members]
2016-10-26 21:56:19.272 DEBUG processModel 0 0005d3ea-9a64-8000-d3f5-680000680000 Processing reference: FormElement[label=Group]
2016-10-26 21:56:19.272 DEBUG processModel 0 0005d3ea-9a64-8000-d3f5-680000680000 Processing reference: ActivityClassParameter[name=UsersAndGroups,it=127,v=<null>]
2016-10-26 21:56:19.272 DEBUG processModel 0 0005d3ea-9a64-8000-d3f5-680000680000 Processing reference: ActivityClassParameter[name=Group,it=5,v=<null>]
2016-10-26 21:56:19.272 DEBUG processModel 0 0005d3ea-9a64-8000-d3f5-680000680000 Processing reference: ActivityClassParameter[name=defaultNode,it=1,v=4]
2016-10-26 21:56:19.272 DEBUG processModel 0 0005d3ea-9a64-8000-d3f5-680000680000 Processing reference: ActivityClassParameter[name=rules,it=111,v={ActivityClassParameter[name=rule,it=11,v={ActivityClassParameter[name=expression,it=26,v=<null>],ActivityClassParameter[name=node,it=1,v=3],ActivityClassParameter[name=label,it=3,v=Yes]}]}]
2016-10-26 21:56:19.272 DEBUG processModel 0 0005d3ea-9a64-8000-d3f5-680000680000 Processing reference: ActivityClassParameter[name=fired,it=1,v=0]
2016-10-26 21:56:19.272 DEBUG processModel 0 0005d3ea-9a64-8000-d3f5-680000680000 Processing reference: ActivityClassParameter[name=arrivedNodes,it=101,v=<null>]
2016-10-26 21:56:19.272 DEBUG processModel 0 0005d3ea-9a64-8000-d3f5-680000680000 Processing reference: ActivityClassParameter[name=defaultNode,it=1,v=5]
2016-10-26 21:56:19.272 DEBUG processModel 0 0005d3ea-9a64-8000-d3f5-680000680000 Processing reference: ActivityClassParameter[name=rules,it=111,v={ActivityClassParameter[name=rule,it=11,v={ActivityClassParameter[name=expression,it=26,v=<null>],ActivityClassParameter[name=node,it=1,v=7],ActivityClassParameter[name=label,it=3,v=]}]}]
2016-10-26 21:56:19.272 DEBUG processModel 0 0005d3ea-9a64-8000-d3f5-680000680000 Processing reference: ActivityClassParameter[name=fired,it=1,v=0]
2016-10-26 21:56:19.272 DEBUG processModel 0 0005d3ea-9a64-8000-d3f5-680000680000 Processing reference: ActivityClassParameter[name=arrivedNodes,it=101,v=<null>]
2016-10-26 21:56:19.273 DEBUG processModel 0 0005d3ea-9a64-8000-d3f5-680000680000 Processing reference: FormElement[label=Change User Type]
2016-10-26 21:56:19.273 DEBUG processModel 0 0005d3ea-9a64-8000-d3f5-680000680000 Processing reference: FormElement[label=User]
2016-10-26 21:56:19.273 DEBUG processModel 0 0005d3ea-9a64-8000-d3f5-680000680000 Processing reference: FormElement[label=User Type]
2016-10-26 21:56:19.273 DEBUG processModel 0 0005d3ea-9a64-8000-d3f5-680000680000 Processing reference: ActivityClassParameter[name=User,it=4,v=]
2016-10-26 21:56:19.273 DEBUG processModel 0 0005d3ea-9a64-8000-d3f5-680000680000 Processing reference: ActivityClassParameter[name=UserType,it=1,v=1]
2016-10-26 21:56:19.273 DEBUG processModel 0 0005d3ea-9a64-8000-d3f5-680000680000 Processing reference: ProcessVariable[name=Email,it=3,v=]
2016-10-26 21:56:19.273 DEBUG processModel 0 0005d3ea-9a64-8000-d3f5-680000680000 Processing reference: ProcessVariable[name=FirstName,it=3,v=]
2016-10-26 21:56:19.273 DEBUG processModel 0 0005d3ea-9a64-8000-d3f5-680000680000 Processing reference: ProcessVariable[name=Groups,it=105,v={}]
2016-10-26 21:56:19.273 DEBUG processModel 0 0005d3ea-9a64-8000-d3f5-680000680000 Processing reference: ProcessVariable[name=LastName,it=3,v=]
2016-10-26 21:56:19.273 DEBUG processModel 0 0005d3ea-9a64-8000-d3f5-680000680000 Processing reference: ProcessVariable[name=NewUser,it=4,v=]
2016-10-26 21:56:19.273 DEBUG processModel 0 0005d3ea-9a64-8000-d3f5-680000680000 Processing reference: ProcessVariable[name=Password,it=3,v=Appian2011!]
2016-10-26 21:56:19.273 DEBUG processModel 0 0005d3ea-9a64-8000-d3f5-680000680000 Processing reference: ProcessVariable[name=Suffix,it=3,v=]
2016-10-26 21:56:19.273 DEBUG processModel 0 0005d3ea-9a64-8000-d3f5-680000680000 Processing reference: ProcessVariable[name=UserName,it=3,v=]
2016-10-26 21:56:19.273 DEBUG processModel 0 0005d3ea-9a64-8000-d3f5-680000680000 Processing reference: ProcessVariable[name=isSysAdmin,it=26,v=0]
2016-10-26 21:56:19.273 DEBUG processModel 0 0005d3ea-9a64-8000-d3f5-680000680000 Processing reference: ProcessVariable[name=userAlreadyExists,it=26,v=0]
2016-10-26 21:56:19.273 DEBUG processModel 0 0005d3ea-9a64-8000-d3f5-680000680000 Processing reference: com.appiancorp.suiteapi.process.ProcessRoleMap@68965ede[
  Role[name=ADMIN_OWNER,usernames=[Administrator]]
  Role[name=EDITOR]
  Role[name=EXPLICIT_NONMEMBER]
  Role[name=VIEWER]
  Role[name=MANAGER]
  Role[name=INITIATOR]
]
2016-10-26 21:56:19.273 DEBUG processModel 0 0005d3ea-9a64-8000-d3f5-680000680000 Processing reference: Role[name=ADMIN_OWNER,usernames=[Administrator]]
2016-10-26 21:56:19.274 DEBUG processModel 0 0005d3ea-9a64-8000-d3f5-680000680000 Processing reference: Role[name=EDITOR]
2016-10-26 21:56:19.274 DEBUG processModel 0 0005d3ea-9a64-8000-d3f5-680000680000 Processing reference: Role[name=EXPLICIT_NONMEMBER]
2016-10-26 21:56:19.274 DEBUG processModel 0 0005d3ea-9a64-8000-d3f5-680000680000 Processing reference: Role[name=VIEWER]
2016-10-26 21:56:19.274 DEBUG processModel 0 0005d3ea-9a64-8000-d3f5-680000680000 Processing reference: Role[name=MANAGER]
2016-10-26 21:56:19.274 DEBUG processModel 0 0005d3ea-9a64-8000-d3f5-680000680000 Processing reference: Role[name=INITIATOR]
2016-10-26 21:56:19.274 DEBUG processModel 0 0005d3ea-9a64-8000-d3f5-680000680000 Exporting binary resources.
2016-10-26 21:56:19.274 DEBUG processModel 0 0005d3ea-9a64-8000-d3f5-680000680000 Serializing object to XML.
2016-10-26 21:56:19.292 DEBUG processModel 0 0005d3ea-9a64-8000-d3f5-680000680000 Object transported.
2016-10-26 21:56:19.293 DEBUG processModel 1 0003d467-c686-8000-ac7b-680000680000 Processing reference: ActivityClassParameter[name=inMap,it=111,v={ActivityClassParameter[name=oneInputMap,it=11,v={ActivityClassParameter[name=sppn,it=3,v=Email],ActivityClassParameter[name=sppv,it=3,v=]}],ActivityClassParameter[name=oneInputMap,it=11,v={ActivityClassParameter[name=sppn,it=3,v=FirstName],ActivityClassParameter[name=sppv,it=3,v=]}],ActivityClassParameter[name=oneInputMap,it=11,v={ActivityClassParameter[name=sppn,it=3,v=Groups],ActivityClassParameter[name=sppv,it=105,v=<null>]}],ActivityClassParameter[name=oneInputMap,it=11,v={ActivityClassParameter[name=sppn,it=3,v=LastName],ActivityClassParameter[name=sppv,it=3,v=]}],ActivityClassParameter[name=oneInputMap,it=11,v={ActivityClassParameter[name=sppn,it=3,v=Password],ActivityClassParameter[name=sppv,it=3,v=]}],ActivityClassParameter[name=oneInputMap,it=11,v={ActivityClassParameter[name=sppn,it=3,v=UserName],ActivityClassParameter[name=sppv,it=3,v=]}],ActivityClassParameter[name=oneInputMap,it=11,v={ActivityClassParameter[name=sppn,it=3,v=isSysAdmin],ActivityClassParameter[name=sppv,it=26,v=<null>]}]}]
2016-10-26 21:56:19.293 DEBUG processModel 1 0003d467-c686-8000-ac7b-680000680000 Processing reference: ActivityClassParameter[name=outMap,it=111,v={}]
2016-10-26 21:56:19.293 DEBUG processModel 1 0003d467-c686-8000-ac7b-680000680000 Processing reference: ActivityClassParameter[name=subProcessID,it=1,v=<null>]
2016-10-26 21:56:19.293 DEBUG processModel 1 0003d467-c686-8000-ac7b-680000680000 Processing reference: ActivityClassParameter[name=procInheritsPriority,it=1,v=1]
2016-10-26 21:56:19.293 DEBUG processModel 1 0003d467-c686-8000-ac7b-680000680000 Processing reference: ActivityClassParameter[name=pmUUID,it=3,v=0005d3ea-9a64-8000-d3f5-680000680000]
2016-10-26 21:56:19.293 DEBUG processModel 1 0003d467-c686-8000-ac7b-680000680000 Processing reference: ActivityClassParameter[name=isAsynchronous,it=26,v=0]
2016-10-26 21:56:19.293 DEBUG processModel 1 0003d467-c686-8000-ac7b-680000680000 Processing reference: ActivityClassParameter[name=isTransparent,it=26,v=1]
2016-10-26 21:56:19.293 DEBUG processModel 1 0003d467-c686-8000-ac7b-680000680000 Processing reference: ActivityClassParameter[name=inheritSecurity,it=26,v=0]
2016-10-26 21:56:19.293 DEBUG processModel 1 0003d467-c686-8000-ac7b-680000680000 Processing reference: ActivityClassParameter[name=chainsInto,it=26,v=0]
2016-10-26 21:56:19.293 DEBUG processModel 1 0003d467-c686-8000-ac7b-680000680000 Processing reference: ProcessVariable[name=addToGroup,it=5,v=<null>]
2016-10-26 21:56:19.293 DEBUG processModel 1 0003d467-c686-8000-ac7b-680000680000 Processing reference: ProcessVariable[name=existingEmail,it=3,v=]
2016-10-26 21:56:19.293 DEBUG processModel 1 0003d467-c686-8000-ac7b-680000680000 Processing reference: ProcessVariable[name=firstName,it=3,v=]
2016-10-26 21:56:19.293 DEBUG processModel 1 0003d467-c686-8000-ac7b-680000680000 Processing reference: ProcessVariable[name=isSysAdmin,it=26,v=0]
2016-10-26 21:56:19.293 DEBUG processModel 1 0003d467-c686-8000-ac7b-680000680000 Processing reference: ProcessVariable[name=lastName,it=3,v=]
2016-10-26 21:56:19.293 DEBUG processModel 1 0003d467-c686-8000-ac7b-680000680000 Processing reference: ProcessVariable[name=useExistingEmail,it=26,v=0]
2016-10-26 21:56:19.293 DEBUG processModel 1 0003d467-c686-8000-ac7b-680000680000 Processing reference: com.appiancorp.suiteapi.process.ProcessRoleMap@2afb18ee[
  Role[name=ADMIN_OWNER,usernames=[Administrator]]
  Role[name=EDITOR]
  Role[name=EXPLICIT_NONMEMBER]
  Role[name=VIEWER]
  Role[name=MANAGER]
  Role[name=INITIATOR]
]
2016-10-26 21:56:19.293 DEBUG processModel 1 0003d467-c686-8000-ac7b-680000680000 Processing reference: Role[name=ADMIN_OWNER,usernames=[Administrator]]
2016-10-26 21:56:19.294 DEBUG processModel 1 0003d467-c686-8000-ac7b-680000680000 Processing reference: Role[name=EDITOR]
2016-10-26 21:56:19.294 DEBUG processModel 1 0003d467-c686-8000-ac7b-680000680000 Processing reference: Role[name=EXPLICIT_NONMEMBER]
2016-10-26 21:56:19.294 DEBUG processModel 1 0003d467-c686-8000-ac7b-680000680000 Processing reference: Role[name=VIEWER]
2016-10-26 21:56:19.294 DEBUG processModel 1 0003d467-c686-8000-ac7b-680000680000 Processing reference: Role[name=MANAGER]
2016-10-26 21:56:19.294 DEBUG processModel 1 0003d467-c686-8000-ac7b-680000680000 Processing reference: Role[name=INITIATOR]
2016-10-26 21:56:19.294 DEBUG processModel 1 0003d467-c686-8000-ac7b-680000680000 Exporting binary resources.
2016-10-26 21:56:19.294 DEBUG processModel 1 0003d467-c686-8000-ac7b-680000680000 Serializing object to XML.
2016-10-26 21:56:19.305 DEBUG processModel 1 0003d467-c686-8000-ac7b-680000680000 Object transported.
2016-10-26 21:56:19.305 DEBUG processModel 2 0002d467-c245-8000-ac7b-680000680000 Processing reference: ActivityClassParameter[name=inMap,it=111,v={ActivityClassParameter[name=oneInputMap,it=11,v={ActivityClassParameter[name=sppn,it=3,v=addToGroup],ActivityClassParameter[name=sppv,it=5,v=<null>]}],ActivityClassParameter[name=oneInputMap,it=11,v={ActivityClassParameter[name=sppn,it=3,v=existingEmail],ActivityClassParameter[name=sppv,it=3,v=]}],ActivityClassParameter[name=oneInputMap,it=11,v={ActivityClassParameter[name=sppn,it=3,v=firstName],ActivityClassParameter[name=sppv,it=3,v=]}],ActivityClassParameter[name=oneInputMap,it=11,v={ActivityClassParameter[name=sppn,it=3,v=isSysAdmin],ActivityClassParameter[name=sppv,it=26,v=<null>]}],ActivityClassParameter[name=oneInputMap,it=11,v={ActivityClassParameter[name=sppn,it=3,v=lastName],ActivityClassParameter[name=sppv,it=3,v=]}],ActivityClassParameter[name=oneInputMap,it=11,v={ActivityClassParameter[name=sppn,it=3,v=useExistingEmail],ActivityClassParameter[name=sppv,it=26,v=<null>]}]}]
2016-10-26 21:56:19.305 DEBUG processModel 2 0002d467-c245-8000-ac7b-680000680000 Processing reference: ActivityClassParameter[name=outMap,it=111,v={}]
2016-10-26 21:56:19.305 DEBUG processModel 2 0002d467-c245-8000-ac7b-680000680000 Processing reference: ActivityClassParameter[name=subProcessID,it=1,v=<null>]
2016-10-26 21:56:19.305 DEBUG processModel 2 0002d467-c245-8000-ac7b-680000680000 Processing reference: ActivityClassParameter[name=procInheritsPriority,it=1,v=1]
2016-10-26 21:56:19.305 DEBUG processModel 2 0002d467-c245-8000-ac7b-680000680000 Processing reference: ActivityClassParameter[name=pmUUID,it=3,v=0003d467-c686-8000-ac7b-680000680000]
2016-10-26 21:56:19.305 DEBUG processModel 2 0002d467-c245-8000-ac7b-680000680000 Processing reference: ActivityClassParameter[name=isAsynchronous,it=26,v=0]
2016-10-26 21:56:19.305 DEBUG processModel 2 0002d467-c245-8000-ac7b-680000680000 Processing reference: ActivityClassParameter[name=isTransparent,it=26,v=1]
2016-10-26 21:56:19.305 DEBUG processModel 2 0002d467-c245-8000-ac7b-680000680000 Processing reference: ActivityClassParameter[name=inheritSecurity,it=26,v=0]
2016-10-26 21:56:19.305 DEBUG processModel 2 0002d467-c245-8000-ac7b-680000680000 Processing reference: ActivityClassParameter[name=chainsInto,it=26,v=0]
2016-10-26 21:56:19.305 DEBUG processModel 2 0002d467-c245-8000-ac7b-680000680000 Processing reference: ProcessVariable[name=existingEmail,it=3,v=]
2016-10-26 21:56:19.305 DEBUG processModel 2 0002d467-c245-8000-ac7b-680000680000 Processing reference: ProcessVariable[name=firstName,it=103,v={}]
2016-10-26 21:56:19.305 DEBUG processModel 2 0002d467-c245-8000-ac7b-680000680000 Processing reference: ProcessVariable[name=groups,it=105,v={}]
2016-10-26 21:56:19.305 DEBUG processModel 2 0002d467-c245-8000-ac7b-680000680000 Processing reference: ProcessVariable[name=isSysAdmin,it=126,v=<null>]
2016-10-26 21:56:19.306 DEBUG processModel 2 0002d467-c245-8000-ac7b-680000680000 Processing reference: ProcessVariable[name=lastName,it=103,v={}]
2016-10-26 21:56:19.306 DEBUG processModel 2 0002d467-c245-8000-ac7b-680000680000 Processing reference: ProcessVariable[name=useExistingEmail,it=26,v=1]
2016-10-26 21:56:19.306 DEBUG processModel 2 0002d467-c245-8000-ac7b-680000680000 Processing reference: com.appiancorp.suiteapi.process.ProcessRoleMap@2fab737c[
  Role[name=ADMIN_OWNER,usernames=[Administrator]]
  Role[name=EDITOR]
  Role[name=EXPLICIT_NONMEMBER]
  Role[name=VIEWER]
  Role[name=MANAGER]
  Role[name=INITIATOR]
]
2016-10-26 21:56:19.306 DEBUG processModel 2 0002d467-c245-8000-ac7b-680000680000 Processing reference: Role[name=ADMIN_OWNER,usernames=[Administrator]]
2016-10-26 21:56:19.307 DEBUG processModel 2 0002d467-c245-8000-ac7b-680000680000 Processing reference: Role[name=EDITOR]
2016-10-26 21:56:19.307 DEBUG processModel 2 0002d467-c245-8000-ac7b-680000680000 Processing reference: Role[name=EXPLICIT_NONMEMBER]
2016-10-26 21:56:19.307 DEBUG processModel 2 0002d467-c245-8000-ac7b-680000680000 Processing reference: Role[name=VIEWER]
2016-10-26 21:56:19.307 DEBUG processModel 2 0002d467-c245-8000-ac7b-680000680000 Processing reference: Role[name=MANAGER]
2016-10-26 21:56:19.307 DEBUG processModel 2 0002d467-c245-8000-ac7b-680000680000 Processing reference: Role[name=INITIATOR]
2016-10-26 21:56:19.307 DEBUG processModel 2 0002d467-c245-8000-ac7b-680000680000 Exporting binary resources.
2016-10-26 21:56:19.307 DEBUG processModel 2 0002d467-c245-8000-ac7b-680000680000 Serializing object to XML.
2016-10-26 21:56:19.319 DEBUG processModel 2 0002d467-c245-8000-ac7b-680000680000 Object transported.
2016-10-26 21:56:19.319 DEBUG processModel 3 0003d9c0-972b-8000-14fb-010000010000 Begin transport.
2016-10-26 21:56:19.319 DEBUG processModel 3 0003d9c0-972b-8000-14fb-010000010000 Retrieving object data.
2016-10-26 21:56:19.375 DEBUG processModel 3 0003d9c0-972b-8000-14fb-010000010000 Setting uuids of object references.
2016-10-26 21:56:19.375 DEBUG processModel 3 0003d9c0-972b-8000-14fb-010000010000 Processing reference: ProcessModelHaul.folderId
2016-10-26 21:56:19.376 DEBUG processModel 3 0003d9c0-972b-8000-14fb-010000010000 Processing reference: ProcessModelHaul.modelDashboardPageId
2016-10-26 21:56:19.376 DEBUG processModel 3 0003d9c0-972b-8000-14fb-010000010000 Processing reference: ProcessModelHaul.processDashboardPageId
2016-10-26 21:56:19.376 DEBUG processModel 3 0003d9c0-972b-8000-14fb-010000010000 Processing reference: ProcessModel.emailAttachmentFolderId
2016-10-26 21:56:19.378 DEBUG processModel 3 0003d9c0-972b-8000-14fb-010000010000 Processing reference: FormElement[label=Groups]
2016-10-26 21:56:19.378 DEBUG processModel 3 0003d9c0-972b-8000-14fb-010000010000 Processing reference: FormElement[label=Email]
2016-10-26 21:56:19.378 DEBUG processModel 3 0003d9c0-972b-8000-14fb-010000010000 Processing reference: FormElement[label=Use your email address?]
2016-10-26 21:56:19.378 DEBUG processModel 3 0003d9c0-972b-8000-14fb-010000010000 Processing reference: FormElement[label=Existing Email]
2016-10-26 21:56:19.378 DEBUG processModel 3 0003d9c0-972b-8000-14fb-010000010000 Processing reference: FormElement[label=Viewers/Users Group]
2016-10-26 21:56:19.378 DEBUG processModel 3 0003d9c0-972b-8000-14fb-010000010000 Processing reference: FormElement[label=Executives Group]
2016-10-26 21:56:19.379 DEBUG processModel 3 0003d9c0-972b-8000-14fb-010000010000 Processing reference: FormElement[label=Label]
2016-10-26 21:56:19.379 DEBUG processModel 3 0003d9c0-972b-8000-14fb-010000010000 Processing reference: FormElement[label=Create Users for the MMS System]
2016-10-26 21:56:19.379 DEBUG processModel 3 0003d9c0-972b-8000-14fb-010000010000 Processing reference: FormElement[label=Administrators Group]
2016-10-26 21:56:19.379 DEBUG processModel 3 0003d9c0-972b-8000-14fb-010000010000 Processing reference: FormElement[label=]
2016-10-26 21:56:19.379 DEBUG processModel 3 0003d9c0-972b-8000-14fb-010000010000 Processing reference: ActivityClassParameter[name=pmID,it=23,v=<null>]
2016-10-26 21:56:19.379 DEBUG processModel 3 0003d9c0-972b-8000-14fb-010000010000 Processing reference: ActivityClassParameter[name=inMap,it=111,v={}]
2016-10-26 21:56:19.379 DEBUG processModel 3 0003d9c0-972b-8000-14fb-010000010000 Processing reference: ActivityClassParameter[name=procInheritsPriority,it=1,v=1]
2016-10-26 21:56:19.379 DEBUG processModel 3 0003d9c0-972b-8000-14fb-010000010000 Processing reference: ActivityClassParameter[name=pmUUID,it=3,v=]
2016-10-26 21:56:19.379 DEBUG processModel 3 0003d9c0-972b-8000-14fb-010000010000 Processing reference: ActivityClassParameter[name=isAsynchronous,it=26,v=1]
2016-10-26 21:56:19.379 DEBUG processModel 3 0003d9c0-972b-8000-14fb-010000010000 Processing reference: ActivityClassParameter[name=isTransparent,it=26,v=1]
2016-10-26 21:56:19.379 DEBUG processModel 3 0003d9c0-972b-8000-14fb-010000010000 Processing reference: ActivityClassParameter[name=inheritSecurity,it=26,v=0]
2016-10-26 21:56:19.379 DEBUG processModel 3 0003d9c0-972b-8000-14fb-010000010000 Processing reference: ActivityClassParameter[name=fired,it=1,v=0]
2016-10-26 21:56:19.379 DEBUG processModel 3 0003d9c0-972b-8000-14fb-010000010000 Processing reference: ActivityClassParameter[name=arrivedNodes,it=101,v=<null>]
2016-10-26 21:56:19.379 DEBUG processModel 3 0003d9c0-972b-8000-14fb-010000010000 Processing reference: FormElement[label=Question1]
2016-10-26 21:56:19.379 DEBUG processModel 3 0003d9c0-972b-8000-14fb-010000010000 Processing reference: FormElement[label=Question2]
2016-10-26 21:56:19.379 DEBUG processModel 3 0003d9c0-972b-8000-14fb-010000010000 Processing reference: FormElement[label=Question3]
2016-10-26 21:56:19.379 DEBUG processModel 3 0003d9c0-972b-8000-14fb-010000010000 Processing reference: FormElement[label=Question4]
2016-10-26 21:56:19.379 DEBUG processModel 3 0003d9c0-972b-8000-14fb-010000010000 Processing reference: FormElement[label=Question5]
2016-10-26 21:56:19.379 DEBUG processModel 3 0003d9c0-972b-8000-14fb-010000010000 Processing reference: FormElement[label=Question6]
2016-10-26 21:56:19.379 DEBUG processModel 3 0003d9c0-972b-8000-14fb-010000010000 Processing reference: FormElement[label=Question7]
2016-10-26 21:56:19.379 DEBUG processModel 3 0003d9c0-972b-8000-14fb-010000010000 Processing reference: FormElement[label=Question8]
2016-10-26 21:56:19.379 DEBUG processModel 3 0003d9c0-972b-8000-14fb-010000010000 Processing reference: FormElement[label=Question9]
2016-10-26 21:56:19.379 DEBUG processModel 3 0003d9c0-972b-8000-14fb-010000010000 Processing reference: ActivityClassParameter[name=Instructions,it=3,v=]
2016-10-26 21:56:19.379 DEBUG processModel 3 0003d9c0-972b-8000-14fb-010000010000 Processing reference: ActivityClassParameter[name=pmID,it=23,v=1]
2016-10-26 21:56:19.381 DEBUG processModel 3 0003d9c0-972b-8000-14fb-010000010000 Processing reference: ActivityClassParameter[name=inMap,it=111,v={ActivityClassParameter[name=oneInputMap,it=11,v={ActivityClassParameter[name=sppn,it=3,v=addToGroup],ActivityClassParameter[name=sppv,it=5,v=<null>]}],ActivityClassParameter[name=oneInputMap,it=11,v={ActivityClassParameter[name=sppn,it=3,v=existingEmail],ActivityClassParameter[name=sppv,it=3,v=]}],ActivityClassParameter[name=oneInputMap,it=11,v={ActivityClassParameter[name=sppn,it=3,v=useExistingEmail],ActivityClassParameter[name=sppv,it=26,v=<null>]}],ActivityClassParameter[name=oneInputMap,it=11,v={ActivityClassParameter[name=sppn,it=3,v=firstName],ActivityClassParameter[name=sppv,it=3,v=]}],ActivityClassParameter[name=oneInputMap,it=11,v={ActivityClassParameter[name=sppn,it=3,v=isSysAdmin],ActivityClassParameter[name=sppv,it=26,v=<null>]}],ActivityClassParameter[name=oneInputMap,it=11,v={ActivityClassParameter[name=sppn,it=3,v=lastName],ActivityClassParameter[name=sppv,it=3,v=]}]}]
2016-10-26 21:56:19.381 DEBUG processModel 3 0003d9c0-972b-8000-14fb-010000010000 Processing reference: ActivityClassParameter[name=outMap,it=111,v={}]
2016-10-26 21:56:19.381 DEBUG processModel 3 0003d9c0-972b-8000-14fb-010000010000 Processing reference: ActivityClassParameter[name=subProcessID,it=1,v=<null>]
2016-10-26 21:56:19.381 DEBUG processModel 3 0003d9c0-972b-8000-14fb-010000010000 Processing reference: ActivityClassParameter[name=procInheritsPriority,it=1,v=1]
2016-10-26 21:56:19.381 DEBUG processModel 3 0003d9c0-972b-8000-14fb-010000010000 Processing reference: ActivityClassParameter[name=pmUUID,it=3,v=0003d467-c686-8000-ac7b-680000680000]
2016-10-26 21:56:19.381 DEBUG processModel 3 0003d9c0-972b-8000-14fb-010000010000 Processing reference: ActivityClassParameter[name=isAsynchronous,it=26,v=0]
2016-10-26 21:56:19.381 DEBUG processModel 3 0003d9c0-972b-8000-14fb-010000010000 Processing reference: ActivityClassParameter[name=isTransparent,it=26,v=1]
2016-10-26 21:56:19.381 DEBUG processModel 3 0003d9c0-972b-8000-14fb-010000010000 Processing reference: ActivityClassParameter[name=inheritSecurity,it=26,v=0]
2016-10-26 21:56:19.381 DEBUG processModel 3 0003d9c0-972b-8000-14fb-010000010000 Processing reference: ActivityClassParameter[name=chainsInto,it=26,v=0]
2016-10-26 21:56:19.381 DEBUG processModel 3 0003d9c0-972b-8000-14fb-010000010000 Processing reference: FormElement[label=Question1]
2016-10-26 21:56:19.381 DEBUG processModel 3 0003d9c0-972b-8000-14fb-010000010000 Processing reference: FormElement[label=Question2]
2016-10-26 21:56:19.382 DEBUG processModel 3 0003d9c0-972b-8000-14fb-010000010000 Processing reference: FormElement[label=Question3]
2016-10-26 21:56:19.382 DEBUG processModel 3 0003d9c0-972b-8000-14fb-010000010000 Processing reference: FormElement[label=Question4]
2016-10-26 21:56:19.382 DEBUG processModel 3 0003d9c0-972b-8000-14fb-010000010000 Processing reference: FormElement[label=Question5]
2016-10-26 21:56:19.382 DEBUG processModel 3 0003d9c0-972b-8000-14fb-010000010000 Processing reference: FormElement[label=Question6]
2016-10-26 21:56:19.382 DEBUG processModel 3 0003d9c0-972b-8000-14fb-010000010000 Processing reference: FormElement[label=Question7]
2016-10-26 21:56:19.382 DEBUG processModel 3 0003d9c0-972b-8000-14fb-010000010000 Processing reference: FormElement[label=Question8]
2016-10-26 21:56:19.382 DEBUG processModel 3 0003d9c0-972b-8000-14fb-010000010000 Processing reference: FormElement[label=Question9]
2016-10-26 21:56:19.382 DEBUG processModel 3 0003d9c0-972b-8000-14fb-010000010000 Processing reference: ActivityClassParameter[name=Instructions,it=3,v=]
2016-10-26 21:56:19.382 DEBUG processModel 3 0003d9c0-972b-8000-14fb-010000010000 Processing reference: ActivityClassParameter[name=pmID,it=23,v=1]
2016-10-26 21:56:19.383 DEBUG processModel 3 0003d9c0-972b-8000-14fb-010000010000 Processing reference: ActivityClassParameter[name=inMap,it=111,v={ActivityClassParameter[name=oneInputMap,it=11,v={ActivityClassParameter[name=sppn,it=3,v=addToGroup],ActivityClassParameter[name=sppv,it=5,v=<null>]}],ActivityClassParameter[name=oneInputMap,it=11,v={ActivityClassParameter[name=sppn,it=3,v=existingEmail],ActivityClassParameter[name=sppv,it=3,v=]}],ActivityClassParameter[name=oneInputMap,it=11,v={ActivityClassParameter[name=sppn,it=3,v=useExistingEmail],ActivityClassParameter[name=sppv,it=26,v=<null>]}],ActivityClassParameter[name=oneInputMap,it=11,v={ActivityClassParameter[name=sppn,it=3,v=firstName],ActivityClassParameter[name=sppv,it=3,v=]}],ActivityClassParameter[name=oneInputMap,it=11,v={ActivityClassParameter[name=sppn,it=3,v=isSysAdmin],ActivityClassParameter[name=sppv,it=26,v=<null>]}],ActivityClassParameter[name=oneInputMap,it=11,v={ActivityClassParameter[name=sppn,it=3,v=lastName],ActivityClassParameter[name=sppv,it=3,v=]}]}]
2016-10-26 21:56:19.383 DEBUG processModel 3 0003d9c0-972b-8000-14fb-010000010000 Processing reference: ActivityClassParameter[name=outMap,it=111,v={}]
2016-10-26 21:56:19.383 DEBUG processModel 3 0003d9c0-972b-8000-14fb-010000010000 Processing reference: ActivityClassParameter[name=subProcessID,it=1,v=<null>]
2016-10-26 21:56:19.383 DEBUG processModel 3 0003d9c0-972b-8000-14fb-010000010000 Processing reference: ActivityClassParameter[name=procInheritsPriority,it=1,v=1]
2016-10-26 21:56:19.383 DEBUG processModel 3 0003d9c0-972b-8000-14fb-010000010000 Processing reference: ActivityClassParameter[name=pmUUID,it=3,v=0003d467-c686-8000-ac7b-680000680000]
2016-10-26 21:56:19.383 DEBUG processModel 3 0003d9c0-972b-8000-14fb-010000010000 Processing reference: ActivityClassParameter[name=isAsynchronous,it=26,v=0]
2016-10-26 21:56:19.383 DEBUG processModel 3 0003d9c0-972b-8000-14fb-010000010000 Processing reference: ActivityClassParameter[name=isTransparent,it=26,v=1]
2016-10-26 21:56:19.383 DEBUG processModel 3 0003d9c0-972b-8000-14fb-010000010000 Processing reference: ActivityClassParameter[name=inheritSecurity,it=26,v=0]
2016-10-26 21:56:19.384 DEBUG processModel 3 0003d9c0-972b-8000-14fb-010000010000 Processing reference: ActivityClassParameter[name=chainsInto,it=26,v=0]
2016-10-26 21:56:19.384 DEBUG processModel 3 0003d9c0-972b-8000-14fb-010000010000 Processing reference: FormElement[label=Question1]
2016-10-26 21:56:19.384 DEBUG processModel 3 0003d9c0-972b-8000-14fb-010000010000 Processing reference: FormElement[label=Question2]
2016-10-26 21:56:19.384 DEBUG processModel 3 0003d9c0-972b-8000-14fb-010000010000 Processing reference: FormElement[label=Question3]
2016-10-26 21:56:19.384 DEBUG processModel 3 0003d9c0-972b-8000-14fb-010000010000 Processing reference: FormElement[label=Question4]
2016-10-26 21:56:19.384 DEBUG processModel 3 0003d9c0-972b-8000-14fb-010000010000 Processing reference: FormElement[label=Question5]
2016-10-26 21:56:19.384 DEBUG processModel 3 0003d9c0-972b-8000-14fb-010000010000 Processing reference: FormElement[label=Question6]
2016-10-26 21:56:19.384 DEBUG processModel 3 0003d9c0-972b-8000-14fb-010000010000 Processing reference: FormElement[label=Question7]
2016-10-26 21:56:19.384 DEBUG processModel 3 0003d9c0-972b-8000-14fb-010000010000 Processing reference: FormElement[label=Question8]
2016-10-26 21:56:19.384 DEBUG processModel 3 0003d9c0-972b-8000-14fb-010000010000 Processing reference: FormElement[label=Question9]
2016-10-26 21:56:19.384 DEBUG processModel 3 0003d9c0-972b-8000-14fb-010000010000 Processing reference: ActivityClassParameter[name=Instructions,it=3,v=]
2016-10-26 21:56:19.384 DEBUG processModel 3 0003d9c0-972b-8000-14fb-010000010000 Processing reference: ActivityClassParameter[name=pmID,it=23,v=1]
2016-10-26 21:56:19.385 DEBUG processModel 3 0003d9c0-972b-8000-14fb-010000010000 Processing reference: ActivityClassParameter[name=inMap,it=111,v={ActivityClassParameter[name=oneInputMap,it=11,v={ActivityClassParameter[name=sppn,it=3,v=addToGroup],ActivityClassParameter[name=sppv,it=5,v=<null>]}],ActivityClassParameter[name=oneInputMap,it=11,v={ActivityClassParameter[name=sppn,it=3,v=existingEmail],ActivityClassParameter[name=sppv,it=3,v=]}],ActivityClassParameter[name=oneInputMap,it=11,v={ActivityClassParameter[name=sppn,it=3,v=useExistingEmail],ActivityClassParameter[name=sppv,it=26,v=<null>]}],ActivityClassParameter[name=oneInputMap,it=11,v={ActivityClassParameter[name=sppn,it=3,v=firstName],ActivityClassParameter[name=sppv,it=3,v=]}],ActivityClassParameter[name=oneInputMap,it=11,v={ActivityClassParameter[name=sppn,it=3,v=isSysAdmin],ActivityClassParameter[name=sppv,it=26,v=<null>]}],ActivityClassParameter[name=oneInputMap,it=11,v={ActivityClassParameter[name=sppn,it=3,v=lastName],ActivityClassParameter[name=sppv,it=3,v=]}]}]
2016-10-26 21:56:19.386 DEBUG processModel 3 0003d9c0-972b-8000-14fb-010000010000 Processing reference: ActivityClassParameter[name=outMap,it=111,v={}]
2016-10-26 21:56:19.386 DEBUG processModel 3 0003d9c0-972b-8000-14fb-010000010000 Processing reference: ActivityClassParameter[name=subProcessID,it=1,v=<null>]
2016-10-26 21:56:19.386 DEBUG processModel 3 0003d9c0-972b-8000-14fb-010000010000 Processing reference: ActivityClassParameter[name=procInheritsPriority,it=1,v=1]
2016-10-26 21:56:19.386 DEBUG processModel 3 0003d9c0-972b-8000-14fb-010000010000 Processing reference: ActivityClassParameter[name=pmUUID,it=3,v=0003d467-c686-8000-ac7b-680000680000]
2016-10-26 21:56:19.386 DEBUG processModel 3 0003d9c0-972b-8000-14fb-010000010000 Processing reference: ActivityClassParameter[name=isAsynchronous,it=26,v=0]
2016-10-26 21:56:19.386 DEBUG processModel 3 0003d9c0-972b-8000-14fb-010000010000 Processing reference: ActivityClassParameter[name=isTransparent,it=26,v=1]
2016-10-26 21:56:19.386 DEBUG processModel 3 0003d9c0-972b-8000-14fb-010000010000 Processing reference: ActivityClassParameter[name=inheritSecurity,it=26,v=0]
2016-10-26 21:56:19.386 DEBUG processModel 3 0003d9c0-972b-8000-14fb-010000010000 Processing reference: ActivityClassParameter[name=chainsInto,it=26,v=0]
2016-10-26 21:56:19.386 DEBUG processModel 3 0003d9c0-972b-8000-14fb-010000010000 Processing reference: FormElement[label=Question1]
2016-10-26 21:56:19.386 DEBUG processModel 3 0003d9c0-972b-8000-14fb-010000010000 Processing reference: FormElement[label=Question2]
2016-10-26 21:56:19.386 DEBUG processModel 3 0003d9c0-972b-8000-14fb-010000010000 Processing reference: FormElement[label=Question3]
2016-10-26 21:56:19.386 DEBUG processModel 3 0003d9c0-972b-8000-14fb-010000010000 Processing reference: FormElement[label=Question4]
2016-10-26 21:56:19.386 DEBUG processModel 3 0003d9c0-972b-8000-14fb-010000010000 Processing reference: FormElement[label=Question5]
2016-10-26 21:56:19.386 DEBUG processModel 3 0003d9c0-972b-8000-14fb-010000010000 Processing reference: FormElement[label=Question6]
2016-10-26 21:56:19.386 DEBUG processModel 3 0003d9c0-972b-8000-14fb-010000010000 Processing reference: FormElement[label=Question7]
2016-10-26 21:56:19.386 DEBUG processModel 3 0003d9c0-972b-8000-14fb-010000010000 Processing reference: FormElement[label=Question8]
2016-10-26 21:56:19.386 DEBUG processModel 3 0003d9c0-972b-8000-14fb-010000010000 Processing reference: FormElement[label=Question9]
2016-10-26 21:56:19.386 DEBUG processModel 3 0003d9c0-972b-8000-14fb-010000010000 Processing reference: ActivityClassParameter[name=Instructions,it=3,v=]
2016-10-26 21:56:19.386 DEBUG processModel 3 0003d9c0-972b-8000-14fb-010000010000 Processing reference: ActivityClassParameter[name=pmID,it=23,v=1]
2016-10-26 21:56:19.387 DEBUG processModel 3 0003d9c0-972b-8000-14fb-010000010000 Processing reference: ActivityClassParameter[name=inMap,it=111,v={ActivityClassParameter[name=oneInputMap,it=11,v={ActivityClassParameter[name=sppn,it=3,v=addToGroup],ActivityClassParameter[name=sppv,it=5,v=<null>]}],ActivityClassParameter[name=oneInputMap,it=11,v={ActivityClassParameter[name=sppn,it=3,v=existingEmail],ActivityClassParameter[name=sppv,it=3,v=]}],ActivityClassParameter[name=oneInputMap,it=11,v={ActivityClassParameter[name=sppn,it=3,v=useExistingEmail],ActivityClassParameter[name=sppv,it=26,v=<null>]}],ActivityClassParameter[name=oneInputMap,it=11,v={ActivityClassParameter[name=sppn,it=3,v=firstName],ActivityClassParameter[name=sppv,it=3,v=]}],ActivityClassParameter[name=oneInputMap,it=11,v={ActivityClassParameter[name=sppn,it=3,v=isSysAdmin],ActivityClassParameter[name=sppv,it=26,v=<null>]}],ActivityClassParameter[name=oneInputMap,it=11,v={ActivityClassParameter[name=sppn,it=3,v=lastName],ActivityClassParameter[name=sppv,it=3,v=]}]}]
2016-10-26 21:56:19.388 DEBUG processModel 3 0003d9c0-972b-8000-14fb-010000010000 Processing reference: ActivityClassParameter[name=outMap,it=111,v={}]
2016-10-26 21:56:19.388 DEBUG processModel 3 0003d9c0-972b-8000-14fb-010000010000 Processing reference: ActivityClassParameter[name=subProcessID,it=1,v=<null>]
2016-10-26 21:56:19.388 DEBUG processModel 3 0003d9c0-972b-8000-14fb-010000010000 Processing reference: ActivityClassParameter[name=procInheritsPriority,it=1,v=1]
2016-10-26 21:56:19.388 DEBUG processModel 3 0003d9c0-972b-8000-14fb-010000010000 Processing reference: ActivityClassParameter[name=pmUUID,it=3,v=0003d467-c686-8000-ac7b-680000680000]
2016-10-26 21:56:19.388 DEBUG processModel 3 0003d9c0-972b-8000-14fb-010000010000 Processing reference: ActivityClassParameter[name=isAsynchronous,it=26,v=0]
2016-10-26 21:56:19.388 DEBUG processModel 3 0003d9c0-972b-8000-14fb-010000010000 Processing reference: ActivityClassParameter[name=isTransparent,it=26,v=1]
2016-10-26 21:56:19.388 DEBUG processModel 3 0003d9c0-972b-8000-14fb-010000010000 Processing reference: ActivityClassParameter[name=inheritSecurity,it=26,v=0]
2016-10-26 21:56:19.388 DEBUG processModel 3 0003d9c0-972b-8000-14fb-010000010000 Processing reference: ActivityClassParameter[name=chainsInto,it=26,v=0]
2016-10-26 21:56:19.388 DEBUG processModel 3 0003d9c0-972b-8000-14fb-010000010000 Processing reference: FormElement[label=Question1]
2016-10-26 21:56:19.388 DEBUG processModel 3 0003d9c0-972b-8000-14fb-010000010000 Processing reference: FormElement[label=Question2]
2016-10-26 21:56:19.388 DEBUG processModel 3 0003d9c0-972b-8000-14fb-010000010000 Processing reference: FormElement[label=Question3]
2016-10-26 21:56:19.388 DEBUG processModel 3 0003d9c0-972b-8000-14fb-010000010000 Processing reference: FormElement[label=Question4]
2016-10-26 21:56:19.388 DEBUG processModel 3 0003d9c0-972b-8000-14fb-010000010000 Processing reference: FormElement[label=Question5]
2016-10-26 21:56:19.388 DEBUG processModel 3 0003d9c0-972b-8000-14fb-010000010000 Processing reference: FormElement[label=Question6]
2016-10-26 21:56:19.388 DEBUG processModel 3 0003d9c0-972b-8000-14fb-010000010000 Processing reference: FormElement[label=Question7]
2016-10-26 21:56:19.388 DEBUG processModel 3 0003d9c0-972b-8000-14fb-010000010000 Processing reference: FormElement[label=Question8]
2016-10-26 21:56:19.388 DEBUG processModel 3 0003d9c0-972b-8000-14fb-010000010000 Processing reference: FormElement[label=Question9]
2016-10-26 21:56:19.388 DEBUG processModel 3 0003d9c0-972b-8000-14fb-010000010000 Processing reference: ActivityClassParameter[name=Instructions,it=3,v=]
2016-10-26 21:56:19.388 DEBUG processModel 3 0003d9c0-972b-8000-14fb-010000010000 Processing reference: ActivityClassParameter[name=pmID,it=23,v=1]
2016-10-26 21:56:19.39 DEBUG processModel 3 0003d9c0-972b-8000-14fb-010000010000 Processing reference: ActivityClassParameter[name=inMap,it=111,v={ActivityClassParameter[name=oneInputMap,it=11,v={ActivityClassParameter[name=sppn,it=3,v=addToGroup],ActivityClassParameter[name=sppv,it=5,v=<null>]}],ActivityClassParameter[name=oneInputMap,it=11,v={ActivityClassParameter[name=sppn,it=3,v=existingEmail],ActivityClassParameter[name=sppv,it=3,v=]}],ActivityClassParameter[name=oneInputMap,it=11,v={ActivityClassParameter[name=sppn,it=3,v=useExistingEmail],ActivityClassParameter[name=sppv,it=26,v=<null>]}],ActivityClassParameter[name=oneInputMap,it=11,v={ActivityClassParameter[name=sppn,it=3,v=firstName],ActivityClassParameter[name=sppv,it=3,v=]}],ActivityClassParameter[name=oneInputMap,it=11,v={ActivityClassParameter[name=sppn,it=3,v=isSysAdmin],ActivityClassParameter[name=sppv,it=26,v=<null>]}],ActivityClassParameter[name=oneInputMap,it=11,v={ActivityClassParameter[name=sppn,it=3,v=lastName],ActivityClassParameter[name=sppv,it=3,v=]}]}]
2016-10-26 21:56:19.39 DEBUG processModel 3 0003d9c0-972b-8000-14fb-010000010000 Processing reference: ActivityClassParameter[name=outMap,it=111,v={}]
2016-10-26 21:56:19.39 DEBUG processModel 3 0003d9c0-972b-8000-14fb-010000010000 Processing reference: ActivityClassParameter[name=subProcessID,it=1,v=<null>]
2016-10-26 21:56:19.39 DEBUG processModel 3 0003d9c0-972b-8000-14fb-010000010000 Processing reference: ActivityClassParameter[name=procInheritsPriority,it=1,v=1]
2016-10-26 21:56:19.39 DEBUG processModel 3 0003d9c0-972b-8000-14fb-010000010000 Processing reference: ActivityClassParameter[name=pmUUID,it=3,v=0003d467-c686-8000-ac7b-680000680000]
2016-10-26 21:56:19.39 DEBUG processModel 3 0003d9c0-972b-8000-14fb-010000010000 Processing reference: ActivityClassParameter[name=isAsynchronous,it=26,v=0]
2016-10-26 21:56:19.39 DEBUG processModel 3 0003d9c0-972b-8000-14fb-010000010000 Processing reference: ActivityClassParameter[name=isTransparent,it=26,v=1]
2016-10-26 21:56:19.39 DEBUG processModel 3 0003d9c0-972b-8000-14fb-010000010000 Processing reference: ActivityClassParameter[name=inheritSecurity,it=26,v=0]
2016-10-26 21:56:19.39 DEBUG processModel 3 0003d9c0-972b-8000-14fb-010000010000 Processing reference: ActivityClassParameter[name=chainsInto,it=26,v=0]
2016-10-26 21:56:19.39 DEBUG processModel 3 0003d9c0-972b-8000-14fb-010000010000 Processing reference: ProcessVariable[name=administratorsGroup,it=5,v=<null>]
2016-10-26 21:56:19.39 DEBUG processModel 3 0003d9c0-972b-8000-14fb-010000010000 Processing reference: ProcessVariable[name=executivesGroup,it=5,v=<null>]
2016-10-26 21:56:19.391 DEBUG processModel 3 0003d9c0-972b-8000-14fb-010000010000 Processing reference: ProcessVariable[name=existingEmail,it=3,v=]
2016-10-26 21:56:19.391 DEBUG processModel 3 0003d9c0-972b-8000-14fb-010000010000 Processing reference: ProcessVariable[name=useExistingEmail,it=26,v=1]
2016-10-26 21:56:19.391 DEBUG processModel 3 0003d9c0-972b-8000-14fb-010000010000 Processing reference: ProcessVariable[name=viewersGroup,it=5,v=<null>]
2016-10-26 21:56:19.391 DEBUG processModel 3 0003d9c0-972b-8000-14fb-010000010000 Processing reference: com.appiancorp.suiteapi.process.ProcessRoleMap@3b291a0a[
  Role[name=ADMIN_OWNER,usernames=[Administrator]]
  Role[name=EDITOR]
  Role[name=EXPLICIT_NONMEMBER]
  Role[name=VIEWER]
  Role[name=MANAGER]
  Role[name=INITIATOR]
]
2016-10-26 21:56:19.391 DEBUG processModel 3 0003d9c0-972b-8000-14fb-010000010000 Processing reference: Role[name=ADMIN_OWNER,usernames=[Administrator]]
2016-10-26 21:56:19.392 DEBUG processModel 3 0003d9c0-972b-8000-14fb-010000010000 Processing reference: Role[name=EDITOR]
2016-10-26 21:56:19.392 DEBUG processModel 3 0003d9c0-972b-8000-14fb-010000010000 Processing reference: Role[name=EXPLICIT_NONMEMBER]
2016-10-26 21:56:19.392 DEBUG processModel 3 0003d9c0-972b-8000-14fb-010000010000 Processing reference: Role[name=VIEWER]
2016-10-26 21:56:19.392 DEBUG processModel 3 0003d9c0-972b-8000-14fb-010000010000 Processing reference: Role[name=MANAGER]
2016-10-26 21:56:19.392 DEBUG processModel 3 0003d9c0-972b-8000-14fb-010000010000 Processing reference: Role[name=INITIATOR]
2016-10-26 21:56:19.392 DEBUG processModel 3 0003d9c0-972b-8000-14fb-010000010000 Exporting binary resources.
2016-10-26 21:56:19.392 DEBUG processModel 3 0003d9c0-972b-8000-14fb-010000010000 Serializing object to XML.
2016-10-26 21:56:19.424 DEBUG processModel 3 0003d9c0-972b-8000-14fb-010000010000 Object transported.
2016-10-26 21:56:19.425 DEBUG page 20 _c-0000d5b7-c716-8000-e0eb-010000010000_23 Begin transport.
2016-10-26 21:56:19.425 DEBUG page 20 _c-0000d5b7-c716-8000-e0eb-010000010000_23 Retrieving object data.
2016-10-26 21:56:19.428 DEBUG page 20 _c-0000d5b7-c716-8000-e0eb-010000010000_23 Setting uuids of object references.
2016-10-26 21:56:19.428 DEBUG page 20 _c-0000d5b7-c716-8000-e0eb-010000010000_23 Processing reference: Page.group
2016-10-26 21:56:19.429 DEBUG page 20 _c-0000d5b7-c716-8000-e0eb-010000010000_23 Processing reference: Portlet.id
2016-10-26 21:56:19.43 DEBUG portlet 3 _d-0000d9c0-94f9-8000-14fa-010000010000_4 Begin transport.
2016-10-26 21:56:19.43 DEBUG portlet 3 _d-0000d9c0-94f9-8000-14fa-010000010000_4 Retrieving object data.
2016-10-26 21:56:19.434 DEBUG portlet 3 _d-0000d9c0-94f9-8000-14fa-010000010000_4 Setting uuids of object references.
2016-10-26 21:56:19.434 DEBUG portlet 3 _d-0000d9c0-94f9-8000-14fa-010000010000_4 Processing reference: com.appiancorp.suiteapi.portal.PortalRoleMap@1ff9665d[
  Role[name=editor]
  Role[name=viewer]
  Role[name=admin,usernames=[Administrator]]
]
2016-10-26 21:56:19.434 DEBUG portlet 3 _d-0000d9c0-94f9-8000-14fa-010000010000_4 Processing reference: Role[name=editor]
2016-10-26 21:56:19.434 DEBUG portlet 3 _d-0000d9c0-94f9-8000-14fa-010000010000_4 Processing reference: Role[name=viewer]
2016-10-26 21:56:19.434 DEBUG portlet 3 _d-0000d9c0-94f9-8000-14fa-010000010000_4 Processing reference: Role[name=admin,usernames=[Administrator]]
2016-10-26 21:56:19.438 DEBUG portlet 3 _d-0000d9c0-94f9-8000-14fa-010000010000_4 Exporting binary resources.
2016-10-26 21:56:19.439 DEBUG portlet 3 _d-0000d9c0-94f9-8000-14fa-010000010000_4 Serializing object to XML.
2016-10-26 21:56:19.446 DEBUG portlet 3 _d-0000d9c0-94f9-8000-14fa-010000010000_4 Object transported.
2016-10-26 21:56:19.446 DEBUG page 20 _c-0000d5b7-c716-8000-e0eb-010000010000_23 Processing reference: Portlet.id
2016-10-26 21:56:19.447 DEBUG portlet 4 _d-0000d5b7-c716-8000-e0eb-010000010000_16 Begin transport.
2016-10-26 21:56:19.447 DEBUG portlet 4 _d-0000d5b7-c716-8000-e0eb-010000010000_16 Retrieving object data.
2016-10-26 21:56:19.45 DEBUG portlet 4 _d-0000d5b7-c716-8000-e0eb-010000010000_16 Setting uuids of object references.
2016-10-26 21:56:19.45 DEBUG portlet 4 _d-0000d5b7-c716-8000-e0eb-010000010000_16 Processing reference: com.appiancorp.suiteapi.portal.PortalRoleMap@14892896[
  Role[name=editor]
  Role[name=viewer]
  Role[name=admin,usernames=[Administrator]]
]
2016-10-26 21:56:19.45 DEBUG portlet 4 _d-0000d5b7-c716-8000-e0eb-010000010000_16 Processing reference: Role[name=editor]
2016-10-26 21:56:19.45 DEBUG portlet 4 _d-0000d5b7-c716-8000-e0eb-010000010000_16 Processing reference: Role[name=viewer]
2016-10-26 21:56:19.45 DEBUG portlet 4 _d-0000d5b7-c716-8000-e0eb-010000010000_16 Processing reference: Role[name=admin,usernames=[Administrator]]
2016-10-26 21:56:19.453 DEBUG portlet 4 _d-0000d5b7-c716-8000-e0eb-010000010000_16 Exporting binary resources.
2016-10-26 21:56:19.455 DEBUG portlet 4 _d-0000d5b7-c716-8000-e0eb-010000010000_16 Serializing object to XML.
2016-10-26 21:56:19.458 DEBUG portlet 4 _d-0000d5b7-c716-8000-e0eb-010000010000_16 Object transported.
2016-10-26 21:56:19.459 DEBUG page 20 _c-0000d5b7-c716-8000-e0eb-010000010000_23 Processing reference: com.appiancorp.suiteapi.portal.PageRoleMap@53d411e[
  Role[name=approver]
  Role[name=editor]
  Role[name=viewer]
  Role[name=admin,usernames=[Administrator]]
]
2016-10-26 21:56:19.459 DEBUG page 20 _c-0000d5b7-c716-8000-e0eb-010000010000_23 Processing reference: Role[name=approver]
2016-10-26 21:56:19.459 DEBUG page 20 _c-0000d5b7-c716-8000-e0eb-010000010000_23 Processing reference: Role[name=editor]
2016-10-26 21:56:19.459 DEBUG page 20 _c-0000d5b7-c716-8000-e0eb-010000010000_23 Processing reference: Role[name=viewer]
2016-10-26 21:56:19.459 DEBUG page 20 _c-0000d5b7-c716-8000-e0eb-010000010000_23 Processing reference: Role[name=admin,usernames=[Administrator]]
2016-10-26 21:56:19.46 DEBUG page 20 _c-0000d5b7-c716-8000-e0eb-010000010000_23 Exporting binary resources.
2016-10-26 21:56:19.46 DEBUG page 20 _c-0000d5b7-c716-8000-e0eb-010000010000_23 Serializing object to XML.
2016-10-26 21:56:19.461 DEBUG page 20 _c-0000d5b7-c716-8000-e0eb-010000010000_23 Object transported.
2016-10-26 21:56:19.461 DEBUG application 2813 _a-0000d3ea-89b6-8000-d3f4-680000680000_256 Exporting binary resources.
2016-10-26 21:56:19.461 DEBUG application 2813 _a-0000d3ea-89b6-8000-d3f4-680000680000_256 Serializing object to XML.
2016-10-26 21:56:19.462 DEBUG application 2813 _a-0000d3ea-89b6-8000-d3f4-680000680000_256 Object transported.
